Determining if the pthread_create exist failed with the following output:
Change Dir: /home/acrb/laser/cartographer_ws/protobuf/build/CMakeFiles/CMakeTmp

Run Build Command:"/usr/bin/ninja" "cmTC_94e9a"
[1/2] Building C object CMakeFiles/cmTC_94e9a.dir/CheckSymbolExists.c.o
[2/2] Linking C executable cmTC_94e9a
FAILED: : && /usr/bin/cc     CMakeFiles/cmTC_94e9a.dir/CheckSymbolExists.c.o  -o cmTC_94e9a  -rdynamic && :
CMakeFiles/cmTC_94e9a.dir/CheckSymbolExists.c.o: In function `main':
CheckSymbolExists.c:(.text+0x2c): undefined reference to `pthread_create'
collect2: error: ld returned 1 exit status
ninja: build stopped: subcommand failed.

File /home/acrb/laser/cartographer_ws/protobuf/build/CMakeFiles/CMakeTmp/CheckSymbolExists.c:
/* */
#include <pthread.h>

int main(int argc, char** argv)
{
  (void)argv;
#ifndef pthread_create
  return ((int*)(&pthread_create))[argc];
#else
  (void)argc;
  return 0;
#endif
}

Determining if the function pthread_create exists in the pthreads failed with the following output:
Change Dir: /home/acrb/laser/cartographer_ws/protobuf/build/CMakeFiles/CMakeTmp

Run Build Command:"/usr/bin/ninja" "cmTC_d078e"
[1/2] Building C object CMakeFiles/cmTC_d078e.dir/CheckFunctionExists.c.o
[2/2] Linking C executable cmTC_d078e
FAILED: : && /usr/bin/cc  -DCHECK_FUNCTION_EXISTS=pthread_create   CMakeFiles/cmTC_d078e.dir/CheckFunctionExists.c.o  -o cmTC_d078e  -rdynamic -lpthreads && :
/usr/bin/ld: cannot find -lpthreads
collect2: error: ld returned 1 exit status
ninja: build stopped: subcommand failed.


